<?xml version="1.0" encoding="UTF-8"?>
<!-- Generated by org.testng.reporters.JUnitReportReporter -->
<testsuite skipped="0" hostname="A2ML21983" name="Academy.HomePage" tests="1" failures="0" timestamp="23 Jan 2019 13:39:27 GMT" time="48.193" errors="0">
  <testcase name="basePageNavigation" time="48.193" classname="Academy.HomePage"/>
</testsuite> <!-- Academy.HomePage -->
