<?xml version="1.0" encoding="UTF-8"?>
<!-- Generated by org.testng.reporters.JUnitReportReporter -->
<testsuite skipped="0" hostname="A2ML21983" name="Academy.AppTest" tests="1" failures="0" timestamp="11 Jan 2019 10:34:22 GMT" time="0.005" errors="0">
  <testcase name="testApp" time="0.005" classname="Academy.AppTest"/>
</testsuite> <!-- Academy.AppTest -->
