<?xml version="1.0" encoding="UTF-8"?>
<!-- Generated by org.testng.reporters.JUnitReportReporter -->
<testsuite skipped="0" hostname="A2ML21983" name="cucumberoptions.TestRunner" tests="1" failures="0" timestamp="19 Mar 2019 14:49:38 GMT" time="132.332" errors="0">
  <testcase name="feature" time="132.332" classname="cucumberoptions.TestRunner"/>
</testsuite> <!-- cucumberoptions.TestRunner -->
